{"/Users/mauriciosilva/Documents/SPRINGBOARD/express-jobly/config.js": {"path":"/Users/mauriciosilva/Documents/SPRINGBOARD/express-jobly/config.js","statementMap":{"0":{"start":{"line":5,"column":0},"end":{"line":5,"column":27}},"1":{"start":{"line":6,"column":0},"end":{"line":6,"column":18}},"2":{"start":{"line":8,"column":19},"end":{"line":8,"column":57}},"3":{"start":{"line":10,"column":13},"end":{"line":10,"column":38}},"4":{"start":{"line":14,"column":2},"end":{"line":16,"column":58}},"5":{"start":{"line":22,"column":27},"end":{"line":22,"column":67}},"6":{"start":{"line":24,"column":0},"end":{"line":24,"column":35}},"7":{"start":{"line":25,"column":0},"end":{"line":25,"column":46}},"8":{"start":{"line":26,"column":0},"end":{"line":26,"column":45}},"9":{"start":{"line":27,"column":0},"end":{"line":27,"column":61}},"10":{"start":{"line":28,"column":0},"end":{"line":28,"column":50}},"11":{"start":{"line":29,"column":0},"end":{"line":29,"column":19}},"12":{"start":{"line":31,"column":0},"end":{"line":36,"column":2}}},"fnMap":{"0":{"name":"getDatabaseUri","decl":{"start":{"line":13,"column":9},"end":{"line":13,"column":23}},"loc":{"start":{"line":13,"column":26},"end":{"line":17,"column":1}},"line":13}},"branchMap":{"0":{"loc":{"start":{"line":8,"column":19},"end":{"line":8,"column":57}},"type":"binary-expr","locations":[{"start":{"line":8,"column":19},"end":{"line":8,"column":41}},{"start":{"line":8,"column":45},"end":{"line":8,"column":57}}],"line":8},"1":{"loc":{"start":{"line":10,"column":13},"end":{"line":10,"column":38}},"type":"binary-expr","locations":[{"start":{"line":10,"column":13},"end":{"line":10,"column":30}},{"start":{"line":10,"column":34},"end":{"line":10,"column":38}}],"line":10},"2":{"loc":{"start":{"line":14,"column":9},"end":{"line":16,"column":57}},"type":"cond-expr","locations":[{"start":{"line":15,"column":8},"end":{"line":15,"column":34}},{"start":{"line":16,"column":8},"end":{"line":16,"column":57}}],"line":14},"3":{"loc":{"start":{"line":16,"column":8},"end":{"line":16,"column":57}},"type":"binary-expr","locations":[{"start":{"line":16,"column":8},"end":{"line":16,"column":32}},{"start":{"line":16,"column":36},"end":{"line":16,"column":57}}],"line":16},"4":{"loc":{"start":{"line":22,"column":27},"end":{"line":22,"column":67}},"type":"cond-expr","locations":[{"start":{"line":22,"column":61},"end":{"line":22,"column":62}},{"start":{"line":22,"column":65},"end":{"line":22,"column":67}}],"line":22}},"s":{"0":1,"1":1,"2":1,"3":1,"4":2,"5":1,"6":1,"7":1,"8":1,"9":1,"10":1,"11":1,"12":1},"f":{"0":2},"b":{"0":[1,1],"1":[1,1],"2":[2,0],"3":[0,0],"4":[1,0]},"_coverageSchema":"1a1c01bbd47fc00a2c39e90264f33305004495a9","hash":"9b1b5d3f1b941237d46373b1ce8a2eeaa82fdc48"}
,"/Users/mauriciosilva/Documents/SPRINGBOARD/express-jobly/db.js": {"path":"/Users/mauriciosilva/Documents/SPRINGBOARD/express-jobly/db.js","statementMap":{"0":{"start":{"line":3,"column":19},"end":{"line":3,"column":32}},"1":{"start":{"line":4,"column":27},"end":{"line":4,"column":46}},"2":{"start":{"line":8,"column":0},"end":{"line":19,"column":1}},"3":{"start":{"line":9,"column":2},"end":{"line":14,"column":5}},"4":{"start":{"line":16,"column":2},"end":{"line":18,"column":5}},"5":{"start":{"line":21,"column":0},"end":{"line":21,"column":13}},"6":{"start":{"line":23,"column":0},"end":{"line":23,"column":20}}},"fnMap":{},"branchMap":{"0":{"loc":{"start":{"line":8,"column":0},"end":{"line":19,"column":1}},"type":"if","locations":[{"start":{"line":8,"column":0},"end":{"line":19,"column":1}},{"start":{"line":15,"column":7},"end":{"line":19,"column":1}}],"line":8}},"s":{"0":1,"1":1,"2":1,"3":0,"4":1,"5":1,"6":1},"f":{},"b":{"0":[0,1]},"_coverageSchema":"1a1c01bbd47fc00a2c39e90264f33305004495a9","hash":"453981a7065fcd5c3b921400e1a0a0fafee58fc6"}
,"/Users/mauriciosilva/Documents/SPRINGBOARD/express-jobly/expressError.js": {"path":"/Users/mauriciosilva/Documents/SPRINGBOARD/express-jobly/expressError.js","statementMap":{"0":{"start":{"line":9,"column":4},"end":{"line":9,"column":12}},"1":{"start":{"line":10,"column":4},"end":{"line":10,"column":27}},"2":{"start":{"line":11,"column":4},"end":{"line":11,"column":25}},"3":{"start":{"line":19,"column":4},"end":{"line":19,"column":24}},"4":{"start":{"line":27,"column":4},"end":{"line":27,"column":24}},"5":{"start":{"line":35,"column":4},"end":{"line":35,"column":24}},"6":{"start":{"line":43,"column":4},"end":{"line":43,"column":24}},"7":{"start":{"line":47,"column":0},"end":{"line":53,"column":2}}},"fnMap":{"0":{"name":"(anonymous_0)","decl":{"start":{"line":8,"column":2},"end":{"line":8,"column":3}},"loc":{"start":{"line":8,"column":31},"end":{"line":12,"column":3}},"line":8},"1":{"name":"(anonymous_1)","decl":{"start":{"line":18,"column":2},"end":{"line":18,"column":3}},"loc":{"start":{"line":18,"column":37},"end":{"line":20,"column":3}},"line":18},"2":{"name":"(anonymous_2)","decl":{"start":{"line":26,"column":2},"end":{"line":26,"column":3}},"loc":{"start":{"line":26,"column":40},"end":{"line":28,"column":3}},"line":26},"3":{"name":"(anonymous_3)","decl":{"start":{"line":34,"column":2},"end":{"line":34,"column":3}},"loc":{"start":{"line":34,"column":39},"end":{"line":36,"column":3}},"line":34},"4":{"name":"(anonymous_4)","decl":{"start":{"line":42,"column":2},"end":{"line":42,"column":3}},"loc":{"start":{"line":42,"column":39},"end":{"line":44,"column":3}},"line":42}},"branchMap":{"0":{"loc":{"start":{"line":18,"column":14},"end":{"line":18,"column":35}},"type":"default-arg","locations":[{"start":{"line":18,"column":24},"end":{"line":18,"column":35}}],"line":18},"1":{"loc":{"start":{"line":26,"column":14},"end":{"line":26,"column":38}},"type":"default-arg","locations":[{"start":{"line":26,"column":24},"end":{"line":26,"column":38}}],"line":26},"2":{"loc":{"start":{"line":34,"column":14},"end":{"line":34,"column":37}},"type":"default-arg","locations":[{"start":{"line":34,"column":24},"end":{"line":34,"column":37}}],"line":34},"3":{"loc":{"start":{"line":42,"column":14},"end":{"line":42,"column":37}},"type":"default-arg","locations":[{"start":{"line":42,"column":24},"end":{"line":42,"column":37}}],"line":42}},"s":{"0":5,"1":5,"2":5,"3":2,"4":0,"5":3,"6":0,"7":1},"f":{"0":5,"1":2,"2":0,"3":3,"4":0},"b":{"0":[0],"1":[0],"2":[0],"3":[0]},"_coverageSchema":"1a1c01bbd47fc00a2c39e90264f33305004495a9","hash":"ce568f9217824c7d837328444a8f1ece34ccca66"}
,"/Users/mauriciosilva/Documents/SPRINGBOARD/express-jobly/helpers/sql.js": {"path":"/Users/mauriciosilva/Documents/SPRINGBOARD/express-jobly/helpers/sql.js","statementMap":{"0":{"start":{"line":1,"column":28},"end":{"line":1,"column":54}},"1":{"start":{"line":9,"column":15},"end":{"line":9,"column":40}},"2":{"start":{"line":14,"column":2},"end":{"line":14,"column":62}},"3":{"start":{"line":14,"column":25},"end":{"line":14,"column":62}},"4":{"start":{"line":20,"column":18},"end":{"line":22,"column":3}},"5":{"start":{"line":21,"column":6},"end":{"line":21,"column":62}},"6":{"start":{"line":24,"column":2},"end":{"line":27,"column":4}},"7":{"start":{"line":30,"column":0},"end":{"line":30,"column":41}}},"fnMap":{"0":{"name":"sqlForPartialUpdate","decl":{"start":{"line":8,"column":9},"end":{"line":8,"column":28}},"loc":{"start":{"line":8,"column":52},"end":{"line":28,"column":1}},"line":8},"1":{"name":"(anonymous_1)","decl":{"start":{"line":20,"column":27},"end":{"line":20,"column":28}},"loc":{"start":{"line":21,"column":6},"end":{"line":21,"column":62}},"line":21}},"branchMap":{"0":{"loc":{"start":{"line":14,"column":2},"end":{"line":14,"column":62}},"type":"if","locations":[{"start":{"line":14,"column":2},"end":{"line":14,"column":62}},{"start":{},"end":{}}],"line":14},"1":{"loc":{"start":{"line":21,"column":10},"end":{"line":21,"column":43}},"type":"binary-expr","locations":[{"start":{"line":21,"column":10},"end":{"line":21,"column":29}},{"start":{"line":21,"column":33},"end":{"line":21,"column":43}}],"line":21}},"s":{"0":1,"1":4,"2":4,"3":1,"4":3,"5":12,"6":3,"7":1},"f":{"0":4,"1":12},"b":{"0":[1,3],"1":[12,6]},"_coverageSchema":"1a1c01bbd47fc00a2c39e90264f33305004495a9","hash":"59bca4ea4e7f895f5ecdf5496aaf0df1e459ec23"}
,"/Users/mauriciosilva/Documents/SPRINGBOARD/express-jobly/models/_testCommon.js": {"path":"/Users/mauriciosilva/Documents/SPRINGBOARD/express-jobly/models/_testCommon.js","statementMap":{"0":{"start":{"line":1,"column":15},"end":{"line":1,"column":32}},"1":{"start":{"line":3,"column":11},"end":{"line":3,"column":30}},"2":{"start":{"line":4,"column":31},"end":{"line":4,"column":51}},"3":{"start":{"line":8,"column":2},"end":{"line":8,"column":42}},"4":{"start":{"line":10,"column":2},"end":{"line":10,"column":38}},"5":{"start":{"line":12,"column":2},"end":{"line":16,"column":55}},"6":{"start":{"line":18,"column":2},"end":{"line":31,"column":9}},"7":{"start":{"line":35,"column":2},"end":{"line":35,"column":26}},"8":{"start":{"line":39,"column":2},"end":{"line":39,"column":29}},"9":{"start":{"line":43,"column":2},"end":{"line":43,"column":17}},"10":{"start":{"line":47,"column":0},"end":{"line":52,"column":2}}},"fnMap":{"0":{"name":"commonBeforeAll","decl":{"start":{"line":6,"column":15},"end":{"line":6,"column":30}},"loc":{"start":{"line":6,"column":33},"end":{"line":32,"column":1}},"line":6},"1":{"name":"commonBeforeEach","decl":{"start":{"line":34,"column":15},"end":{"line":34,"column":31}},"loc":{"start":{"line":34,"column":34},"end":{"line":36,"column":1}},"line":34},"2":{"name":"commonAfterEach","decl":{"start":{"line":38,"column":15},"end":{"line":38,"column":30}},"loc":{"start":{"line":38,"column":33},"end":{"line":40,"column":1}},"line":38},"3":{"name":"commonAfterAll","decl":{"start":{"line":42,"column":15},"end":{"line":42,"column":29}},"loc":{"start":{"line":42,"column":32},"end":{"line":44,"column":1}},"line":42}},"branchMap":{},"s":{"0":1,"1":1,"2":1,"3":1,"4":1,"5":1,"6":1,"7":18,"8":18,"9":1,"10":1},"f":{"0":1,"1":18,"2":18,"3":1},"b":{},"_coverageSchema":"1a1c01bbd47fc00a2c39e90264f33305004495a9","hash":"51e9fdc5932defac3851412e04eedcf495ee718f"}
,"/Users/mauriciosilva/Documents/SPRINGBOARD/express-jobly/models/company.js": {"path":"/Users/mauriciosilva/Documents/SPRINGBOARD/express-jobly/models/company.js","statementMap":{"0":{"start":{"line":3,"column":18},"end":{"line":3,"column":36}},"1":{"start":{"line":4,"column":11},"end":{"line":4,"column":27}},"2":{"start":{"line":5,"column":57},"end":{"line":5,"column":83}},"3":{"start":{"line":6,"column":32},"end":{"line":6,"column":57}},"4":{"start":{"line":21,"column":27},"end":{"line":25,"column":17}},"5":{"start":{"line":27,"column":4},"end":{"line":28,"column":64}},"6":{"start":{"line":28,"column":6},"end":{"line":28,"column":64}},"7":{"start":{"line":30,"column":19},"end":{"line":42,"column":5}},"8":{"start":{"line":43,"column":20},"end":{"line":43,"column":34}},"9":{"start":{"line":45,"column":4},"end":{"line":45,"column":19}},"10":{"start":{"line":56,"column":10},"end":{"line":61,"column":26}},"11":{"start":{"line":63,"column":34},"end":{"line":63,"column":36}},"12":{"start":{"line":64,"column":29},"end":{"line":64,"column":31}},"13":{"start":{"line":65,"column":34},"end":{"line":65,"column":41}},"14":{"start":{"line":70,"column":11},"end":{"line":72,"column":12}},"15":{"start":{"line":71,"column":12},"end":{"line":71,"column":85}},"16":{"start":{"line":77,"column":11},"end":{"line":80,"column":12}},"17":{"start":{"line":78,"column":12},"end":{"line":78,"column":34}},"18":{"start":{"line":79,"column":12},"end":{"line":79,"column":77}},"19":{"start":{"line":86,"column":11},"end":{"line":89,"column":12}},"20":{"start":{"line":87,"column":12},"end":{"line":87,"column":34}},"21":{"start":{"line":88,"column":12},"end":{"line":88,"column":76}},"22":{"start":{"line":94,"column":11},"end":{"line":97,"column":12}},"23":{"start":{"line":95,"column":12},"end":{"line":95,"column":35}},"24":{"start":{"line":96,"column":12},"end":{"line":96,"column":70}},"25":{"start":{"line":103,"column":10},"end":{"line":106,"column":13}},"26":{"start":{"line":104,"column":14},"end":{"line":104,"column":66}},"27":{"start":{"line":108,"column":12},"end":{"line":108,"column":38}},"28":{"start":{"line":109,"column":33},"end":{"line":109,"column":67}},"29":{"start":{"line":110,"column":12},"end":{"line":110,"column":37}},"30":{"start":{"line":124,"column":23},"end":{"line":132,"column":17}},"31":{"start":{"line":134,"column":20},"end":{"line":134,"column":38}},"32":{"start":{"line":136,"column":4},"end":{"line":136,"column":67}},"33":{"start":{"line":136,"column":18},"end":{"line":136,"column":67}},"34":{"start":{"line":138,"column":4},"end":{"line":138,"column":19}},"35":{"start":{"line":154,"column":32},"end":{"line":159,"column":10}},"36":{"start":{"line":160,"column":25},"end":{"line":160,"column":50}},"37":{"start":{"line":162,"column":21},"end":{"line":169,"column":54}},"38":{"start":{"line":170,"column":19},"end":{"line":170,"column":64}},"39":{"start":{"line":171,"column":20},"end":{"line":171,"column":34}},"40":{"start":{"line":173,"column":4},"end":{"line":173,"column":67}},"41":{"start":{"line":173,"column":18},"end":{"line":173,"column":67}},"42":{"start":{"line":175,"column":4},"end":{"line":175,"column":19}},"43":{"start":{"line":184,"column":19},"end":{"line":189,"column":17}},"44":{"start":{"line":190,"column":20},"end":{"line":190,"column":34}},"45":{"start":{"line":192,"column":4},"end":{"line":192,"column":67}},"46":{"start":{"line":192,"column":18},"end":{"line":192,"column":67}},"47":{"start":{"line":197,"column":0},"end":{"line":197,"column":25}}},"fnMap":{"0":{"name":"(anonymous_0)","decl":{"start":{"line":20,"column":2},"end":{"line":20,"column":3}},"loc":{"start":{"line":20,"column":76},"end":{"line":46,"column":3}},"line":20},"1":{"name":"(anonymous_1)","decl":{"start":{"line":53,"column":2},"end":{"line":53,"column":3}},"loc":{"start":{"line":53,"column":37},"end":{"line":113,"column":3}},"line":53},"2":{"name":"(anonymous_2)","decl":{"start":{"line":123,"column":2},"end":{"line":123,"column":3}},"loc":{"start":{"line":123,"column":27},"end":{"line":139,"column":3}},"line":123},"3":{"name":"(anonymous_3)","decl":{"start":{"line":153,"column":2},"end":{"line":153,"column":3}},"loc":{"start":{"line":153,"column":36},"end":{"line":176,"column":3}},"line":153},"4":{"name":"(anonymous_4)","decl":{"start":{"line":183,"column":2},"end":{"line":183,"column":3}},"loc":{"start":{"line":183,"column":30},"end":{"line":193,"column":3}},"line":183}},"branchMap":{"0":{"loc":{"start":{"line":27,"column":4},"end":{"line":28,"column":64}},"type":"if","locations":[{"start":{"line":27,"column":4},"end":{"line":28,"column":64}},{"start":{},"end":{}}],"line":27},"1":{"loc":{"start":{"line":53,"column":23},"end":{"line":53,"column":35}},"type":"default-arg","locations":[{"start":{"line":53,"column":33},"end":{"line":53,"column":35}}],"line":53},"2":{"loc":{"start":{"line":70,"column":11},"end":{"line":72,"column":12}},"type":"if","locations":[{"start":{"line":70,"column":11},"end":{"line":72,"column":12}},{"start":{},"end":{}}],"line":70},"3":{"loc":{"start":{"line":77,"column":11},"end":{"line":80,"column":12}},"type":"if","locations":[{"start":{"line":77,"column":11},"end":{"line":80,"column":12}},{"start":{},"end":{}}],"line":77},"4":{"loc":{"start":{"line":86,"column":11},"end":{"line":89,"column":12}},"type":"if","locations":[{"start":{"line":86,"column":11},"end":{"line":89,"column":12}},{"start":{},"end":{}}],"line":86},"5":{"loc":{"start":{"line":94,"column":11},"end":{"line":97,"column":12}},"type":"if","locations":[{"start":{"line":94,"column":11},"end":{"line":97,"column":12}},{"start":{},"end":{}}],"line":94},"6":{"loc":{"start":{"line":103,"column":10},"end":{"line":106,"column":13}},"type":"if","locations":[{"start":{"line":103,"column":10},"end":{"line":106,"column":13}},{"start":{},"end":{}}],"line":103},"7":{"loc":{"start":{"line":136,"column":4},"end":{"line":136,"column":67}},"type":"if","locations":[{"start":{"line":136,"column":4},"end":{"line":136,"column":67}},{"start":{},"end":{}}],"line":136},"8":{"loc":{"start":{"line":173,"column":4},"end":{"line":173,"column":67}},"type":"if","locations":[{"start":{"line":173,"column":4},"end":{"line":173,"column":67}},{"start":{},"end":{}}],"line":173},"9":{"loc":{"start":{"line":192,"column":4},"end":{"line":192,"column":67}},"type":"if","locations":[{"start":{"line":192,"column":4},"end":{"line":192,"column":67}},{"start":{},"end":{}}],"line":192}},"s":{"0":1,"1":1,"2":1,"3":1,"4":3,"5":3,"6":1,"7":2,"8":2,"9":2,"10":8,"11":8,"12":8,"13":8,"14":8,"15":1,"16":7,"17":3,"18":3,"19":7,"20":4,"21":4,"22":7,"23":4,"24":4,"25":7,"26":6,"27":7,"28":7,"29":7,"30":2,"31":2,"32":2,"33":1,"34":1,"35":4,"36":3,"37":3,"38":3,"39":0,"40":0,"41":0,"42":0,"43":2,"44":2,"45":2,"46":1,"47":1},"f":{"0":3,"1":8,"2":2,"3":4,"4":2},"b":{"0":[1,2],"1":[1],"2":[1,7],"3":[3,4],"4":[4,3],"5":[4,3],"6":[6,1],"7":[1,1],"8":[0,0],"9":[1,1]},"_coverageSchema":"1a1c01bbd47fc00a2c39e90264f33305004495a9","hash":"cf6d9b670eb2ec0a10646e29860826d55da380e7"}
}
