TN:
SF:config.js
FN:13,getDatabaseUri
FNF:1
FNH:1
FNDA:2,getDatabaseUri
DA:5,1
DA:6,1
DA:8,1
DA:10,1
DA:14,2
DA:22,1
DA:24,1
DA:25,1
DA:26,1
DA:27,1
DA:28,1
DA:29,1
DA:31,1
LF:13
LH:13
BRDA:8,0,0,1
BRDA:8,0,1,1
BRDA:10,1,0,1
BRDA:10,1,1,1
BRDA:14,2,0,2
BRDA:14,2,1,0
BRDA:16,3,0,0
BRDA:16,3,1,0
BRDA:22,4,0,1
BRDA:22,4,1,0
BRF:10
BRH:6
end_of_record
TN:
SF:db.js
FNF:0
FNH:0
DA:3,1
DA:4,1
DA:8,1
DA:9,0
DA:16,1
DA:21,1
DA:23,1
LF:7
LH:6
BRDA:8,0,0,0
BRDA:8,0,1,1
BRF:2
BRH:1
end_of_record
TN:
SF:expressError.js
FN:8,(anonymous_0)
FN:18,(anonymous_1)
FN:26,(anonymous_2)
FN:34,(anonymous_3)
FN:42,(anonymous_4)
FNF:5
FNH:3
FNDA:5,(anonymous_0)
FNDA:2,(anonymous_1)
FNDA:0,(anonymous_2)
FNDA:3,(anonymous_3)
FNDA:0,(anonymous_4)
DA:9,5
DA:10,5
DA:11,5
DA:19,2
DA:27,0
DA:35,3
DA:43,0
DA:47,1
LF:8
LH:6
BRDA:18,0,0,0
BRDA:26,1,0,0
BRDA:34,2,0,0
BRDA:42,3,0,0
BRF:4
BRH:0
end_of_record
TN:
SF:helpers/sql.js
FN:8,sqlForPartialUpdate
FN:20,(anonymous_1)
FNF:2
FNH:2
FNDA:4,sqlForPartialUpdate
FNDA:12,(anonymous_1)
DA:1,1
DA:9,4
DA:14,4
DA:20,3
DA:21,12
DA:24,3
DA:30,1
LF:7
LH:7
BRDA:14,0,0,1
BRDA:14,0,1,3
BRDA:21,1,0,12
BRDA:21,1,1,6
BRF:4
BRH:4
end_of_record
TN:
SF:models/_testCommon.js
FN:6,commonBeforeAll
FN:34,commonBeforeEach
FN:38,commonAfterEach
FN:42,commonAfterAll
FNF:4
FNH:4
FNDA:1,commonBeforeAll
FNDA:18,commonBeforeEach
FNDA:18,commonAfterEach
FNDA:1,commonAfterAll
DA:1,1
DA:3,1
DA:4,1
DA:8,1
DA:10,1
DA:12,1
DA:18,1
DA:35,18
DA:39,18
DA:43,1
DA:47,1
LF:11
LH:11
BRF:0
BRH:0
end_of_record
TN:
SF:models/company.js
FN:20,(anonymous_0)
FN:53,(anonymous_1)
FN:123,(anonymous_2)
FN:153,(anonymous_3)
FN:183,(anonymous_4)
FNF:5
FNH:5
FNDA:3,(anonymous_0)
FNDA:8,(anonymous_1)
FNDA:2,(anonymous_2)
FNDA:4,(anonymous_3)
FNDA:2,(anonymous_4)
DA:3,1
DA:4,1
DA:5,1
DA:6,1
DA:21,3
DA:27,3
DA:28,1
DA:30,2
DA:43,2
DA:45,2
DA:56,8
DA:63,8
DA:64,8
DA:65,8
DA:70,8
DA:71,1
DA:77,7
DA:78,3
DA:79,3
DA:86,7
DA:87,4
DA:88,4
DA:94,7
DA:95,4
DA:96,4
DA:103,7
DA:104,6
DA:108,7
DA:109,7
DA:110,7
DA:124,2
DA:134,2
DA:136,2
DA:138,1
DA:154,4
DA:160,3
DA:162,3
DA:170,3
DA:171,0
DA:173,0
DA:175,0
DA:184,2
DA:190,2
DA:192,2
DA:197,1
LF:45
LH:42
BRDA:27,0,0,1
BRDA:27,0,1,2
BRDA:53,1,0,1
BRDA:70,2,0,1
BRDA:70,2,1,7
BRDA:77,3,0,3
BRDA:77,3,1,4
BRDA:86,4,0,4
BRDA:86,4,1,3
BRDA:94,5,0,4
BRDA:94,5,1,3
BRDA:103,6,0,6
BRDA:103,6,1,1
BRDA:136,7,0,1
BRDA:136,7,1,1
BRDA:173,8,0,0
BRDA:173,8,1,0
BRDA:192,9,0,1
BRDA:192,9,1,1
BRF:19
BRH:17
end_of_record
